[0924/121449.435:ERROR:process_memory_win.cc(73)] ReadMemory at 0x7ff730e30000 of 64 bytes failed: Only part of a ReadProcessMemory or WriteProcessMemory request was completed. (0x12B)
[0924/121449.438:WARNING:pe_image_reader.cc(340)] could not read dos header from C:\Program Files (x86)\Google\Chrome\Application\chrome.exe
[0924/121449.438:ERROR:process_memory_win.cc(73)] ReadMemory at 0x7ffcef500000 of 64 bytes failed: Only part of a ReadProcessMemory or WriteProcessMemory request was completed. (0x12B)
[0924/121449.438:WARNING:pe_image_reader.cc(340)] could not read dos header from C:\WINDOWS\SYSTEM32\ntdll.dll
[0924/121449.438:ERROR:process_memory_win.cc(73)] ReadMemory at 0x7ffcee050000 of 64 bytes failed: Only part of a ReadProcessMemory or WriteProcessMemory request was completed. (0x12B)
[0924/121449.439:WARNING:pe_image_reader.cc(340)] could not read dos header from C:\WINDOWS\System32\KERNEL32.dll
[0924/121449.439:ERROR:process_memory_win.cc(73)] ReadMemory at 0x7ffced2b0000 of 64 bytes failed: Only part of a ReadProcessMemory or WriteProcessMemory request was completed. (0x12B)
[0924/121449.440:WARNING:pe_image_reader.cc(340)] could not read dos header from C:\WINDOWS\System32\KERNELBASE.dll
[0924/121449.440:ERROR:process_memory_win.cc(73)] ReadMemory at 0x7ffc9d7e0000 of 64 bytes failed: Only part of a ReadProcessMemory or WriteProcessMemory request was completed. (0x12B)
[0924/121449.440:WARNING:pe_image_reader.cc(340)] could not read dos header from C:\Program Files (x86)\Google\Chrome\Application\76.0.3809.132\chrome_elf.dll
[0924/121449.441:ERROR:process_memory_win.cc(73)] ReadMemory at 0x7ffce6460000 of 64 bytes failed: Only part of a ReadProcessMemory or WriteProcessMemory request was completed. (0x12B)
[0924/121449.441:WARNING:pe_image_reader.cc(340)] could not read dos header from C:\WINDOWS\SYSTEM32\VERSION.dll
[0924/121449.441:ERROR:process_memory_win.cc(73)] ReadMemory at 0x7ffced710000 of 64 bytes failed: Only part of a ReadProcessMemory or WriteProcessMemory request was completed. (0x12B)
[0924/121449.441:WARNING:pe_image_reader.cc(340)] could not read dos header from C:\WINDOWS\System32\msvcrt.dll
[0924/121449.442:ERROR:process_memory_win.cc(73)] ReadMemory at 0x7ffcecca0000 of 64 bytes failed: Only part of a ReadProcessMemory or WriteProcessMemory request was completed. (0x12B)
[0924/121449.442:WARNING:pe_image_reader.cc(340)] could not read dos header from C:\WINDOWS\System32\bcryptPrimitives.dll
[0924/121449.442:ERROR:process_memory_win.cc(73)] ReadMemory at 0x7ffcef410000 of 64 bytes failed: Only part of a ReadProcessMemory or WriteProcessMemory request was completed. (0x12B)
[0924/121449.442:WARNING:pe_image_reader.cc(340)] could not read dos header from C:\WINDOWS\System32\ADVAPI32.dll
[0924/121449.442:ERROR:process_memory_win.cc(73)] ReadMemory at 0x7ffced910000 of 64 bytes failed: Only part of a ReadProcessMemory or WriteProcessMemory request was completed. (0x12B)
[0924/121449.442:WARNING:pe_image_reader.cc(340)] could not read dos header from C:\WINDOWS\System32\sechost.dll
[0924/121449.442:ERROR:process_memory_win.cc(73)] ReadMemory at 0x7ffcef2f0000 of 64 bytes failed: Only part of a ReadProcessMemory or WriteProcessMemory request was completed. (0x12B)
[0924/121449.442:WARNING:pe_image_reader.cc(340)] could not read dos header from C:\WINDOWS\System32\RPCRT4.dll
[0924/121449.442:ERROR:process_memory_win.cc(73)] ReadMemory at 0x7ffc8dce0000 of 64 bytes failed: Only part of a ReadProcessMemory or WriteProcessMemory request was completed. (0x12B)
[0924/121449.442:WARNING:pe_image_reader.cc(340)] could not read dos header from C:\Program Files (x86)\Google\Chrome\Application\76.0.3809.132\chrome_child.dll
[0924/121449.442:ERROR:process_memory_win.cc(73)] ReadMemory at 0x7ffcedb70000 of 64 bytes failed: Only part of a ReadProcessMemory or WriteProcessMemory request was completed. (0x12B)
[0924/121449.442:WARNING:pe_image_reader.cc(340)] could not read dos header from C:\WINDOWS\System32\OLEAUT32.dll
[0924/121449.443:ERROR:process_memory_win.cc(73)] ReadMemory at 0x7ffced0c0000 of 64 bytes failed: Only part of a ReadProcessMemory or WriteProcessMemory request was completed. (0x12B)
[0924/121449.443:WARNING:pe_image_reader.cc(340)] could not read dos header from C:\WINDOWS\System32\msvcp_win.dll
[0924/121449.443:ERROR:process_memory_win.cc(73)] ReadMemory at 0x7ffcecdd0000 of 64 bytes failed: Only part of a ReadProcessMemory or WriteProcessMemory request was completed. (0x12B)
[0924/121449.443:WARNING:pe_image_reader.cc(340)] could not read dos header from C:\WINDOWS\System32\ucrtbase.dll
[0924/121449.443:ERROR:process_memory_win.cc(73)] ReadMemory at 0x162df6d0000 of 64 bytes failed: Only part of a ReadProcessMemory or WriteProcessMemory request was completed. (0x12B)
[0924/121449.443:WARNING:pe_image_reader.cc(340)] could not read dos header from C:\WINDOWS\System32\combase.dll
[0924/121449.443:ERROR:process_memory_win.cc(73)] ReadMemory at 0x7ffcee450000 of 64 bytes failed: Only part of a ReadProcessMemory or WriteProcessMemory request was completed. (0x12B)
[0924/121449.443:WARNING:pe_image_reader.cc(340)] could not read dos header from C:\WINDOWS\System32\WS2_32.dll
[0924/121449.443:ERROR:process_memory_win.cc(73)] ReadMemory at 0x7ffceec20000 of 64 bytes failed: Only part of a ReadProcessMemory or WriteProcessMemory request was completed. (0x12B)
[0924/121449.443:WARNING:pe_image_reader.cc(340)] could not read dos header from C:\WINDOWS\System32\GDI32.dll
[0924/121449.444:ERROR:process_memory_win.cc(73)] ReadMemory at 0x7ffcecc10000 of 64 bytes failed: Only part of a ReadProcessMemory or WriteProcessMemory request was completed. (0x12B)
[0924/121449.444:WARNING:pe_image_reader.cc(340)] could not read dos header from C:\WINDOWS\System32\win32u.dll
[0924/121449.444:ERROR:process_memory_win.cc(73)] ReadMemory at 0x7ffcecf20000 of 64 bytes failed: Only part of a ReadProcessMemory or WriteProcessMemory request was completed. (0x12B)
[0924/121449.444:WARNING:pe_image_reader.cc(340)] could not read dos header from C:\WINDOWS\System32\gdi32full.dll
[0924/121449.444:ERROR:process_memory_win.cc(73)] ReadMemory at 0x7ffcedc40000 of 64 bytes failed: Only part of a ReadProcessMemory or WriteProcessMemory request was completed. (0x12B)
[0924/121449.444:WARNING:pe_image_reader.cc(340)] could not read dos header from C:\WINDOWS\System32\USER32.dll
[0924/121449.444:ERROR:process_memory_win.cc(73)] ReadMemory at 0x7ffcecc40000 of 64 bytes failed: Only part of a ReadProcessMemory or WriteProcessMemory request was completed. (0x12B)
[0924/121449.444:WARNING:pe_image_reader.cc(340)] could not read dos header from C:\WINDOWS\System32\WINTRUST.dll
[0924/121449.444:ERROR:process_memory_win.cc(73)] ReadMemory at 0x7ffcec470000 of 64 bytes failed: Only part of a ReadProcessMemory or WriteProcessMemory request was completed. (0x12B)
[0924/121449.444:WARNING:pe_image_reader.cc(340)] could not read dos header from C:\WINDOWS\System32\MSASN1.dll
[0924/121449.444:ERROR:process_memory_win.cc(73)] ReadMemory at 0x7ffced160000 of 64 bytes failed: Only part of a ReadProcessMemory or WriteProcessMemory request was completed. (0x12B)
[0924/121449.444:WARNING:pe_image_reader.cc(340)] could not read dos header from C:\WINDOWS\System32\CRYPT32.dll
[0924/121449.445:ERROR:process_memory_win.cc(73)] ReadMemory at 0x7ffceb950000 of 64 bytes failed: Only part of a ReadProcessMemory or WriteProcessMemory request was completed. (0x12B)
[0924/121449.445:WARNING:pe_image_reader.cc(340)] could not read dos header from C:\WINDOWS\SYSTEM32\IPHLPAPI.DLL
[0924/121449.445:ERROR:process_memory_win.cc(73)] ReadMemory at 0x7ffce9090000 of 64 bytes failed: Only part of a ReadProcessMemory or WriteProcessMemory request was completed. (0x12B)
[0924/121449.445:WARNING:pe_image_reader.cc(340)] could not read dos header from C:\WINDOWS\SYSTEM32\WINMM.dll
[0924/121449.445:ERROR:process_memory_win.cc(73)] ReadMemory at 0x7ffcec2c0000 of 64 bytes failed: Only part of a ReadProcessMemory or WriteProcessMemory request was completed. (0x12B)
[0924/121449.445:WARNING:pe_image_reader.cc(340)] could not read dos header from C:\WINDOWS\SYSTEM32\USERENV.dll
[0924/121449.445:ERROR:process_memory_win.cc(73)] ReadMemory at 0x7ffcec3e0000 of 64 bytes failed: Only part of a ReadProcessMemory or WriteProcessMemory request was completed. (0x12B)
[0924/121449.445:WARNING:pe_image_reader.cc(340)] could not read dos header from C:\WINDOWS\System32\profapi.dll
[0924/121449.445:ERROR:process_memory_win.cc(73)] ReadMemory at 0x7ffce0770000 of 64 bytes failed: Only part of a ReadProcessMemory or WriteProcessMemory request was completed. (0x12B)
[0924/121449.445:WARNING:pe_image_reader.cc(340)] could not read dos header from C:\WINDOWS\SYSTEM32\DWrite.dll
[0924/121449.446:ERROR:process_memory_win.cc(73)] ReadMemory at 0x7ffcddfc0000 of 64 bytes failed: Only part of a ReadProcessMemory or WriteProcessMemory request was completed. (0x12B)
[0924/121449.446:WARNING:pe_image_reader.cc(340)] could not read dos header from C:\WINDOWS\SYSTEM32\WINSPOOL.DRV
[0924/121449.446:ERROR:process_memory_win.cc(73)] ReadMemory at 0x7ffcec400000 of 64 bytes failed: Only part of a ReadProcessMemory or WriteProcessMemory request was completed. (0x12B)
[0924/121449.446:WARNING:pe_image_reader.cc(340)] could not read dos header from C:\WINDOWS\System32\kernel.appcore.dll
[0924/121449.446:ERROR:process_memory_win.cc(73)] ReadMemory at 0x7ffceced0000 of 64 bytes failed: Only part of a ReadProcessMemory or WriteProcessMemory request was completed. (0x12B)
[0924/121449.446:WARNING:pe_image_reader.cc(340)] could not read dos header from C:\WINDOWS\System32\bcrypt.dll
[0924/121449.446:ERROR:process_memory_win.cc(73)] ReadMemory at 0x7ffcdfc10000 of 64 bytes failed: Only part of a ReadProcessMemory or WriteProcessMemory request was completed. (0x12B)
[0924/121449.446:WARNING:pe_image_reader.cc(340)] could not read dos header from C:\WINDOWS\SYSTEM32\dbghelp.dll
[0924/121449.446:ERROR:process_memory_win.cc(73)] ReadMemory at 0x7ffce1460000 of 64 bytes failed: Only part of a ReadProcessMemory or WriteProcessMemory request was completed. (0x12B)
[0924/121449.446:WARNING:pe_image_reader.cc(340)] could not read dos header from C:\WINDOWS\SYSTEM32\WINHTTP.dll
[0924/121449.447:ERROR:process_memory_win.cc(73)] ReadMemory at 0x7ffce0d90000 of 64 bytes failed: Only part of a ReadProcessMemory or WriteProcessMemory request was completed. (0x12B)
[0924/121449.447:WARNING:pe_image_reader.cc(340)] could not read dos header from C:\WINDOWS\SYSTEM32\Secur32.dll
[0924/121449.447:ERROR:process_memory_win.cc(73)] ReadMemory at 0x7ffce4a00000 of 64 bytes failed: Only part of a ReadProcessMemory or WriteProcessMemory request was completed. (0x12B)
[0924/121449.447:WARNING:pe_image_reader.cc(340)] could not read dos header from C:\WINDOWS\SYSTEM32\dhcpcsvc.DLL
[0924/121449.447:ERROR:process_memory_win.cc(73)] ReadMemory at 0x7ffcedf90000 of 64 bytes failed: Only part of a ReadProcessMemory or WriteProcessMemory request was completed. (0x12B)
[0924/121449.447:WARNING:pe_image_reader.cc(340)] could not read dos header from C:\WINDOWS\System32\NSI.dll
[0924/121449.447:ERROR:process_memory_win.cc(73)] ReadMemory at 0x7ffce9060000 of 64 bytes failed: Only part of a ReadProcessMemory or WriteProcessMemory request was completed. (0x12B)
[0924/121449.447:WARNING:pe_image_reader.cc(340)] could not read dos header from C:\WINDOWS\SYSTEM32\WINMMBASE.dll
[0924/121449.447:ERROR:process_memory_win.cc(73)] ReadMemory at 0x7ffced560000 of 64 bytes failed: Only part of a ReadProcessMemory or WriteProcessMemory request was completed. (0x12B)
[0924/121449.448:WARNING:pe_image_reader.cc(340)] could not read dos header from C:\WINDOWS\System32\cfgmgr32.dll
[0924/121449.448:ERROR:process_memory_win.cc(73)] ReadMemory at 0x7ffce8c70000 of 64 bytes failed: Only part of a ReadProcessMemory or WriteProcessMemory request was completed. (0x12B)
[0924/121449.448:WARNING:pe_image_reader.cc(340)] could not read dos header from C:\WINDOWS\SYSTEM32\PROPSYS.dll
[0924/121449.448:ERROR:process_memory_win.cc(73)] ReadMemory at 0x7ffceed00000 of 64 bytes failed: Only part of a ReadProcessMemory or WriteProcessMemory request was completed. (0x12B)
[0924/121449.448:WARNING:pe_image_reader.cc(340)] could not read dos header from C:\WINDOWS\System32\shcore.dll
[0924/121449.448:ERROR:process_memory_win.cc(73)] ReadMemory at 0x7ffcec2f0000 of 64 bytes failed: Only part of a ReadProcessMemory or WriteProcessMemory request was completed. (0x12B)
[0924/121449.448:WARNING:pe_image_reader.cc(340)] could not read dos header from C:\WINDOWS\SYSTEM32\SSPICLI.DLL
[0924/121449.448:ERROR:process_memory_win.cc(73)] ReadMemory at 0x7ffcedfa0000 of 64 bytes failed: Only part of a ReadProcessMemory or WriteProcessMemory request was completed. (0x12B)
[0924/121449.448:WARNING:pe_image_reader.cc(340)] could not read dos header from C:\WINDOWS\System32\IMM32.DLL
[0924/121449.448:ERROR:process_memory_win.cc(73)] ReadMemory at 0x7ffced7b0000 of 64 bytes failed: Only part of a ReadProcessMemory or WriteProcessMemory request was completed. (0x12B)
[0924/121449.448:WARNING:pe_image_reader.cc(340)] could not read dos header from C:\WINDOWS\System32\ole32.dll
[0924/121449.448:ERROR:process_memory_win.cc(73)] ReadMemory at 0x7ffcee530000 of 64 bytes failed: Only part of a ReadProcessMemory or WriteProcessMemory request was completed. (0x12B)
[0924/121449.448:WARNING:pe_image_reader.cc(340)] could not read dos header from C:\WINDOWS\System32\SHELL32.dll
[0924/121449.448:ERROR:process_memory_win.cc(73)] ReadMemory at 0x7ffcec490000 of 64 bytes failed: Only part of a ReadProcessMemory or WriteProcessMemory request was completed. (0x12B)
[0924/121449.449:WARNING:pe_image_reader.cc(340)] could not read dos header from C:\WINDOWS\System32\windows.storage.dll
[0924/121449.449:ERROR:process_memory_win.cc(73)] ReadMemory at 0x7ffcec420000 of 64 bytes failed: Only part of a ReadProcessMemory or WriteProcessMemory request was completed. (0x12B)
[0924/121449.449:WARNING:pe_image_reader.cc(340)] could not read dos header from C:\WINDOWS\System32\powrprof.dll
[0924/121449.449:ERROR:process_memory_win.cc(73)] ReadMemory at 0x7ffcec3d0000 of 64 bytes failed: Only part of a ReadProcessMemory or WriteProcessMemory request was completed. (0x12B)
[0924/121449.449:WARNING:pe_image_reader.cc(340)] could not read dos header from C:\WINDOWS\System32\UMPDC.dll
[0924/121449.449:ERROR:process_memory_win.cc(73)] ReadMemory at 0x7ffceedb0000 of 64 bytes failed: Only part of a ReadProcessMemory or WriteProcessMemory request was completed. (0x12B)
[0924/121449.449:WARNING:pe_image_reader.cc(340)] could not read dos header from C:\WINDOWS\System32\shlwapi.dll
[0924/121449.449:ERROR:process_memory_win.cc(73)] ReadMemory at 0x7ffcecf00000 of 64 bytes failed: Only part of a ReadProcessMemory or WriteProcessMemory request was completed. (0x12B)
[0924/121449.449:WARNING:pe_image_reader.cc(340)] could not read dos header from C:\WINDOWS\System32\cryptsp.dll
[0924/121449.449:ERROR:process_memory_win.cc(73)] ReadMemory at 0x7ffcebe10000 of 64 bytes failed: Only part of a ReadProcessMemory or WriteProcessMemory request was completed. (0x12B)
[0924/121449.449:WARNING:pe_image_reader.cc(340)] could not read dos header from C:\WINDOWS\SYSTEM32\CRYPTBASE.DLL
[0924/121449.449:ERROR:process_memory_win.cc(73)] ReadMemory at 0x7ff730e30000 of 64 bytes failed: Only part of a ReadProcessMemory or WriteProcessMemory request was completed. (0x12B)
[0924/121449.449:WARNING:pe_image_reader.cc(340)] could not read dos header from C:\Program Files (x86)\Google\Chrome\Application\chrome.exe
[0924/121449.450:ERROR:process_memory_win.cc(73)] ReadMemory at 0x7ffcef500000 of 64 bytes failed: Only part of a ReadProcessMemory or WriteProcessMemory request was completed. (0x12B)
[0924/121449.450:WARNING:pe_image_reader.cc(340)] could not read dos header from C:\WINDOWS\SYSTEM32\ntdll.dll
[0924/121449.450:ERROR:process_memory_win.cc(73)] ReadMemory at 0x7ffcee050000 of 64 bytes failed: Only part of a ReadProcessMemory or WriteProcessMemory request was completed. (0x12B)
[0924/121449.450:WARNING:pe_image_reader.cc(340)] could not read dos header from C:\WINDOWS\System32\KERNEL32.dll
[0924/121449.450:ERROR:process_memory_win.cc(73)] ReadMemory at 0x7ffced2b0000 of 64 bytes failed: Only part of a ReadProcessMemory or WriteProcessMemory request was completed. (0x12B)
[0924/121449.451:WARNING:pe_image_reader.cc(340)] could not read dos header from C:\WINDOWS\System32\KERNELBASE.dll
[0924/121449.451:ERROR:process_memory_win.cc(73)] ReadMemory at 0x7ffc9d7e0000 of 64 bytes failed: Only part of a ReadProcessMemory or WriteProcessMemory request was completed. (0x12B)
[0924/121449.451:WARNING:pe_image_reader.cc(340)] could not read dos header from C:\Program Files (x86)\Google\Chrome\Application\76.0.3809.132\chrome_elf.dll
[0924/121449.451:ERROR:process_memory_win.cc(73)] ReadMemory at 0x7ffce6460000 of 64 bytes failed: Only part of a ReadProcessMemory or WriteProcessMemory request was completed. (0x12B)
[0924/121449.451:WARNING:pe_image_reader.cc(340)] could not read dos header from C:\WINDOWS\SYSTEM32\VERSION.dll
[0924/121449.451:ERROR:process_memory_win.cc(73)] ReadMemory at 0x7ffced710000 of 64 bytes failed: Only part of a ReadProcessMemory or WriteProcessMemory request was completed. (0x12B)
[0924/121449.451:WARNING:pe_image_reader.cc(340)] could not read dos header from C:\WINDOWS\System32\msvcrt.dll
[0924/121449.451:ERROR:process_memory_win.cc(73)] ReadMemory at 0x7ffcecca0000 of 64 bytes failed: Only part of a ReadProcessMemory or WriteProcessMemory request was completed. (0x12B)
[0924/121449.451:WARNING:pe_image_reader.cc(340)] could not read dos header from C:\WINDOWS\System32\bcryptPrimitives.dll
[0924/121449.451:ERROR:process_memory_win.cc(73)] ReadMemory at 0x7ffcef410000 of 64 bytes failed: Only part of a ReadProcessMemory or WriteProcessMemory request was completed. (0x12B)
[0924/121449.452:WARNING:pe_image_reader.cc(340)] could not read dos header from C:\WINDOWS\System32\ADVAPI32.dll
[0924/121449.452:ERROR:process_memory_win.cc(73)] ReadMemory at 0x7ffced910000 of 64 bytes failed: Only part of a ReadProcessMemory or WriteProcessMemory request was completed. (0x12B)
[0924/121449.452:WARNING:pe_image_reader.cc(340)] could not read dos header from C:\WINDOWS\System32\sechost.dll
[0924/121449.452:ERROR:process_memory_win.cc(73)] ReadMemory at 0x7ffcef2f0000 of 64 bytes failed: Only part of a ReadProcessMemory or WriteProcessMemory request was completed. (0x12B)
[0924/121449.452:WARNING:pe_image_reader.cc(340)] could not read dos header from C:\WINDOWS\System32\RPCRT4.dll
[0924/121449.452:ERROR:process_memory_win.cc(73)] ReadMemory at 0x7ffc8dce0000 of 64 bytes failed: Only part of a ReadProcessMemory or WriteProcessMemory request was completed. (0x12B)
[0924/121449.452:WARNING:pe_image_reader.cc(340)] could not read dos header from C:\Program Files (x86)\Google\Chrome\Application\76.0.3809.132\chrome_child.dll
[0924/121449.452:ERROR:process_memory_win.cc(73)] ReadMemory at 0x7ffcedb70000 of 64 bytes failed: Only part of a ReadProcessMemory or WriteProcessMemory request was completed. (0x12B)
[0924/121449.452:WARNING:pe_image_reader.cc(340)] could not read dos header from C:\WINDOWS\System32\OLEAUT32.dll
[0924/121449.452:ERROR:process_memory_win.cc(73)] ReadMemory at 0x7ffced0c0000 of 64 bytes failed: Only part of a ReadProcessMemory or WriteProcessMemory request was completed. (0x12B)
[0924/121449.453:WARNING:pe_image_reader.cc(340)] could not read dos header from C:\WINDOWS\System32\msvcp_win.dll
[0924/121449.453:ERROR:process_memory_win.cc(73)] ReadMemory at 0x7ffcecdd0000 of 64 bytes failed: Only part of a ReadProcessMemory or WriteProcessMemory request was completed. (0x12B)
[0924/121449.453:WARNING:pe_image_reader.cc(340)] could not read dos header from C:\WINDOWS\System32\ucrtbase.dll
[0924/121449.453:ERROR:process_memory_win.cc(73)] ReadMemory at 0x162df6d0000 of 64 bytes failed: Only part of a ReadProcessMemory or WriteProcessMemory request was completed. (0x12B)
[0924/121449.453:WARNING:pe_image_reader.cc(340)] could not read dos header from C:\WINDOWS\System32\combase.dll
[0924/121449.453:ERROR:process_memory_win.cc(73)] ReadMemory at 0x7ffcee450000 of 64 bytes failed: Only part of a ReadProcessMemory or WriteProcessMemory request was completed. (0x12B)
[0924/121449.453:WARNING:pe_image_reader.cc(340)] could not read dos header from C:\WINDOWS\System32\WS2_32.dll
[0924/121449.453:ERROR:process_memory_win.cc(73)] ReadMemory at 0x7ffceec20000 of 64 bytes failed: Only part of a ReadProcessMemory or WriteProcessMemory request was completed. (0x12B)
[0924/121449.453:WARNING:pe_image_reader.cc(340)] could not read dos header from C:\WINDOWS\System32\GDI32.dll
[0924/121449.453:ERROR:process_memory_win.cc(73)] ReadMemory at 0x7ffcecc10000 of 64 bytes failed: Only part of a ReadProcessMemory or WriteProcessMemory request was completed. (0x12B)
[0924/121449.453:WARNING:pe_image_reader.cc(340)] could not read dos header from C:\WINDOWS\System32\win32u.dll
[0924/121449.453:ERROR:process_memory_win.cc(73)] ReadMemory at 0x7ffcecf20000 of 64 bytes failed: Only part of a ReadProcessMemory or WriteProcessMemory request was completed. (0x12B)
[0924/121449.453:WARNING:pe_image_reader.cc(340)] could not read dos header from C:\WINDOWS\System32\gdi32full.dll
[0924/121449.453:ERROR:process_memory_win.cc(73)] ReadMemory at 0x7ffcedc40000 of 64 bytes failed: Only part of a ReadProcessMemory or WriteProcessMemory request was completed. (0x12B)
[0924/121449.454:WARNING:pe_image_reader.cc(340)] could not read dos header from C:\WINDOWS\System32\USER32.dll
[0924/121449.454:ERROR:process_memory_win.cc(73)] ReadMemory at 0x7ffcecc40000 of 64 bytes failed: Only part of a ReadProcessMemory or WriteProcessMemory request was completed. (0x12B)
[0924/121449.454:WARNING:pe_image_reader.cc(340)] could not read dos header from C:\WINDOWS\System32\WINTRUST.dll
[0924/121449.454:ERROR:process_memory_win.cc(73)] ReadMemory at 0x7ffcec470000 of 64 bytes failed: Only part of a ReadProcessMemory or WriteProcessMemory request was completed. (0x12B)
[0924/121449.454:WARNING:pe_image_reader.cc(340)] could not read dos header from C:\WINDOWS\System32\MSASN1.dll
[0924/121449.454:ERROR:process_memory_win.cc(73)] ReadMemory at 0x7ffced160000 of 64 bytes failed: Only part of a ReadProcessMemory or WriteProcessMemory request was completed. (0x12B)
[0924/121449.454:WARNING:pe_image_reader.cc(340)] could not read dos header from C:\WINDOWS\System32\CRYPT32.dll
[0924/121449.454:ERROR:process_memory_win.cc(73)] ReadMemory at 0x7ffceb950000 of 64 bytes failed: Only part of a ReadProcessMemory or WriteProcessMemory request was completed. (0x12B)
[0924/121449.454:WARNING:pe_image_reader.cc(340)] could not read dos header from C:\WINDOWS\SYSTEM32\IPHLPAPI.DLL
[0924/121449.454:ERROR:process_memory_win.cc(73)] ReadMemory at 0x7ffce9090000 of 64 bytes failed: Only part of a ReadProcessMemory or WriteProcessMemory request was completed. (0x12B)
[0924/121449.455:WARNING:pe_image_reader.cc(340)] could not read dos header from C:\WINDOWS\SYSTEM32\WINMM.dll
[0924/121449.455:ERROR:process_memory_win.cc(73)] ReadMemory at 0x7ffcec2c0000 of 64 bytes failed: Only part of a ReadProcessMemory or WriteProcessMemory request was completed. (0x12B)
[0924/121449.455:WARNING:pe_image_reader.cc(340)] could not read dos header from C:\WINDOWS\SYSTEM32\USERENV.dll
[0924/121449.455:ERROR:process_memory_win.cc(73)] ReadMemory at 0x7ffcec3e0000 of 64 bytes failed: Only part of a ReadProcessMemory or WriteProcessMemory request was completed. (0x12B)
[0924/121449.455:WARNING:pe_image_reader.cc(340)] could not read dos header from C:\WINDOWS\System32\profapi.dll
[0924/121449.455:ERROR:process_memory_win.cc(73)] ReadMemory at 0x7ffce0770000 of 64 bytes failed: Only part of a ReadProcessMemory or WriteProcessMemory request was completed. (0x12B)
[0924/121449.455:WARNING:pe_image_reader.cc(340)] could not read dos header from C:\WINDOWS\SYSTEM32\DWrite.dll
[0924/121449.455:ERROR:process_memory_win.cc(73)] ReadMemory at 0x7ffcddfc0000 of 64 bytes failed: Only part of a ReadProcessMemory or WriteProcessMemory request was completed. (0x12B)
[0924/121449.455:WARNING:pe_image_reader.cc(340)] could not read dos header from C:\WINDOWS\SYSTEM32\WINSPOOL.DRV
[0924/121449.455:ERROR:process_memory_win.cc(73)] ReadMemory at 0x7ffcec400000 of 64 bytes failed: Only part of a ReadProcessMemory or WriteProcessMemory request was completed. (0x12B)
[0924/121449.455:WARNING:pe_image_reader.cc(340)] could not read dos header from C:\WINDOWS\System32\kernel.appcore.dll
[0924/121449.455:ERROR:process_memory_win.cc(73)] ReadMemory at 0x7ffceced0000 of 64 bytes failed: Only part of a ReadProcessMemory or WriteProcessMemory request was completed. (0x12B)
[0924/121449.456:WARNING:pe_image_reader.cc(340)] could not read dos header from C:\WINDOWS\System32\bcrypt.dll
[0924/121449.456:ERROR:process_memory_win.cc(73)] ReadMemory at 0x7ffcdfc10000 of 64 bytes failed: Only part of a ReadProcessMemory or WriteProcessMemory request was completed. (0x12B)
[0924/121449.456:WARNING:pe_image_reader.cc(340)] could not read dos header from C:\WINDOWS\SYSTEM32\dbghelp.dll
[0924/121449.456:ERROR:process_memory_win.cc(73)] ReadMemory at 0x7ffce1460000 of 64 bytes failed: Only part of a ReadProcessMemory or WriteProcessMemory request was completed. (0x12B)
[0924/121449.456:WARNING:pe_image_reader.cc(340)] could not read dos header from C:\WINDOWS\SYSTEM32\WINHTTP.dll
[0924/121449.456:ERROR:process_memory_win.cc(73)] ReadMemory at 0x7ffce0d90000 of 64 bytes failed: Only part of a ReadProcessMemory or WriteProcessMemory request was completed. (0x12B)
[0924/121449.456:WARNING:pe_image_reader.cc(340)] could not read dos header from C:\WINDOWS\SYSTEM32\Secur32.dll
[0924/121449.456:ERROR:process_memory_win.cc(73)] ReadMemory at 0x7ffce4a00000 of 64 bytes failed: Only part of a ReadProcessMemory or WriteProcessMemory request was completed. (0x12B)
[0924/121449.456:WARNING:pe_image_reader.cc(340)] could not read dos header from C:\WINDOWS\SYSTEM32\dhcpcsvc.DLL
[0924/121449.456:ERROR:process_memory_win.cc(73)] ReadMemory at 0x7ffcedf90000 of 64 bytes failed: Only part of a ReadProcessMemory or WriteProcessMemory request was completed. (0x12B)
[0924/121449.456:WARNING:pe_image_reader.cc(340)] could not read dos header from C:\WINDOWS\System32\NSI.dll
[0924/121449.456:ERROR:process_memory_win.cc(73)] ReadMemory at 0x7ffce9060000 of 64 bytes failed: Only part of a ReadProcessMemory or WriteProcessMemory request was completed. (0x12B)
[0924/121449.456:WARNING:pe_image_reader.cc(340)] could not read dos header from C:\WINDOWS\SYSTEM32\WINMMBASE.dll
[0924/121449.457:ERROR:process_memory_win.cc(73)] ReadMemory at 0x7ffced560000 of 64 bytes failed: Only part of a ReadProcessMemory or WriteProcessMemory request was completed. (0x12B)
[0924/121449.457:WARNING:pe_image_reader.cc(340)] could not read dos header from C:\WINDOWS\System32\cfgmgr32.dll
[0924/121449.457:ERROR:process_memory_win.cc(73)] ReadMemory at 0x7ffce8c70000 of 64 bytes failed: Only part of a ReadProcessMemory or WriteProcessMemory request was completed. (0x12B)
[0924/121449.457:WARNING:pe_image_reader.cc(340)] could not read dos header from C:\WINDOWS\SYSTEM32\PROPSYS.dll
[0924/121449.457:ERROR:process_memory_win.cc(73)] ReadMemory at 0x7ffceed00000 of 64 bytes failed: Only part of a ReadProcessMemory or WriteProcessMemory request was completed. (0x12B)
[0924/121449.457:WARNING:pe_image_reader.cc(340)] could not read dos header from C:\WINDOWS\System32\shcore.dll
[0924/121449.457:ERROR:process_memory_win.cc(73)] ReadMemory at 0x7ffcec2f0000 of 64 bytes failed: Only part of a ReadProcessMemory or WriteProcessMemory request was completed. (0x12B)
[0924/121449.457:WARNING:pe_image_reader.cc(340)] could not read dos header from C:\WINDOWS\SYSTEM32\SSPICLI.DLL
[0924/121449.457:ERROR:process_memory_win.cc(73)] ReadMemory at 0x7ffcedfa0000 of 64 bytes failed: Only part of a ReadProcessMemory or WriteProcessMemory request was completed. (0x12B)
[0924/121449.457:WARNING:pe_image_reader.cc(340)] could not read dos header from C:\WINDOWS\System32\IMM32.DLL
[0924/121449.457:ERROR:process_memory_win.cc(73)] ReadMemory at 0x7ffced7b0000 of 64 bytes failed: Only part of a ReadProcessMemory or WriteProcessMemory request was completed. (0x12B)
[0924/121449.458:WARNING:pe_image_reader.cc(340)] could not read dos header from C:\WINDOWS\System32\ole32.dll
[0924/121449.458:ERROR:process_memory_win.cc(73)] ReadMemory at 0x7ffcee530000 of 64 bytes failed: Only part of a ReadProcessMemory or WriteProcessMemory request was completed. (0x12B)
[0924/121449.458:WARNING:pe_image_reader.cc(340)] could not read dos header from C:\WINDOWS\System32\SHELL32.dll
[0924/121449.458:ERROR:process_memory_win.cc(73)] ReadMemory at 0x7ffcec490000 of 64 bytes failed: Only part of a ReadProcessMemory or WriteProcessMemory request was completed. (0x12B)
[0924/121449.458:WARNING:pe_image_reader.cc(340)] could not read dos header from C:\WINDOWS\System32\windows.storage.dll
[0924/121449.458:ERROR:process_memory_win.cc(73)] ReadMemory at 0x7ffcec420000 of 64 bytes failed: Only part of a ReadProcessMemory or WriteProcessMemory request was completed. (0x12B)
[0924/121449.458:WARNING:pe_image_reader.cc(340)] could not read dos header from C:\WINDOWS\System32\powrprof.dll
[0924/121449.458:ERROR:process_memory_win.cc(73)] ReadMemory at 0x7ffcec3d0000 of 64 bytes failed: Only part of a ReadProcessMemory or WriteProcessMemory request was completed. (0x12B)
[0924/121449.458:WARNING:pe_image_reader.cc(340)] could not read dos header from C:\WINDOWS\System32\UMPDC.dll
[0924/121449.458:ERROR:process_memory_win.cc(73)] ReadMemory at 0x7ffceedb0000 of 64 bytes failed: Only part of a ReadProcessMemory or WriteProcessMemory request was completed. (0x12B)
[0924/121449.458:WARNING:pe_image_reader.cc(340)] could not read dos header from C:\WINDOWS\System32\shlwapi.dll
[0924/121449.459:ERROR:process_memory_win.cc(73)] ReadMemory at 0x7ffcecf00000 of 64 bytes failed: Only part of a ReadProcessMemory or WriteProcessMemory request was completed. (0x12B)
[0924/121449.459:WARNING:pe_image_reader.cc(340)] could not read dos header from C:\WINDOWS\System32\cryptsp.dll
[0924/121449.459:ERROR:process_memory_win.cc(73)] ReadMemory at 0x7ffcebe10000 of 64 bytes failed: Only part of a ReadProcessMemory or WriteProcessMemory request was completed. (0x12B)
[0924/121449.459:WARNING:pe_image_reader.cc(340)] could not read dos header from C:\WINDOWS\SYSTEM32\CRYPTBASE.DLL
[0924/121449.521:ERROR:process_memory_win.cc(73)] ReadMemory at 0x2a67fed000 of 77824 bytes failed: Only part of a ReadProcessMemory or WriteProcessMemory request was completed. (0x12B)
[0924/121449.522:ERROR:process_memory_win.cc(73)] ReadMemory at 0x2a681fd000 of 12288 bytes failed: Only part of a ReadProcessMemory or WriteProcessMemory request was completed. (0x12B)
[0924/121449.522:ERROR:process_memory_win.cc(73)] ReadMemory at 0x2a683fc000 of 16384 bytes failed: Only part of a ReadProcessMemory or WriteProcessMemory request was completed. (0x12B)
[0924/121449.523:ERROR:process_memory_win.cc(73)] ReadMemory at 0x2a685fc000 of 16384 bytes failed: Only part of a ReadProcessMemory or WriteProcessMemory request was completed. (0x12B)
[0924/121449.523:ERROR:process_memory_win.cc(73)] ReadMemory at 0x2a687fc000 of 16384 bytes failed: Only part of a ReadProcessMemory or WriteProcessMemory request was completed. (0x12B)
[0924/121449.523:ERROR:process_memory_win.cc(73)] ReadMemory at 0x2a689ff000 of 4096 bytes failed: Only part of a ReadProcessMemory or WriteProcessMemory request was completed. (0x12B)
[0924/121449.523:ERROR:process_memory_win.cc(73)] ReadMemory at 0x2a68bfd000 of 12288 bytes failed: Only part of a ReadProcessMemory or WriteProcessMemory request was completed. (0x12B)
[0924/121449.524:ERROR:process_memory_win.cc(73)] ReadMemory at 0x2a68dfb000 of 20480 bytes failed: Only part of a ReadProcessMemory or WriteProcessMemory request was completed. (0x12B)
[0924/121449.524:ERROR:process_memory_win.cc(73)] ReadMemory at 0x2a68ffd000 of 12288 bytes failed: Only part of a ReadProcessMemory or WriteProcessMemory request was completed. (0x12B)
[0924/121449.524:ERROR:process_memory_win.cc(73)] ReadMemory at 0x2a691fd000 of 12288 bytes failed: Only part of a ReadProcessMemory or WriteProcessMemory request was completed. (0x12B)
[0924/121449.525:ERROR:process_memory_win.cc(73)] ReadMemory at 0x2a693fd000 of 12288 bytes failed: Only part of a ReadProcessMemory or WriteProcessMemory request was completed. (0x12B)
[0924/121449.525:ERROR:process_memory_win.cc(73)] ReadMemory at 0x2a695fd000 of 12288 bytes failed: Only part of a ReadProcessMemory or WriteProcessMemory request was completed. (0x12B)
[0924/121449.525:ERROR:process_memory_win.cc(73)] ReadMemory at 0x2a697fd000 of 12288 bytes failed: Only part of a ReadProcessMemory or WriteProcessMemory request was completed. (0x12B)
[0924/121449.525:ERROR:process_memory_win.cc(73)] ReadMemory at 0x2a699fd000 of 12288 bytes failed: Only part of a ReadProcessMemory or WriteProcessMemory request was completed. (0x12B)
[0924/121449.526:ERROR:process_memory_win.cc(73)] ReadMemory at 0x2a67d03000 of 852 bytes failed: Only part of a ReadProcessMemory or WriteProcessMemory request was completed. (0x12B)
[0924/121449.527:ERROR:process_memory_win.cc(73)] ReadMemory at 0x2a67d04000 of 6024 bytes failed: Only part of a ReadProcessMemory or WriteProcessMemory request was completed. (0x12B)
[0924/121449.527:ERROR:process_memory_win.cc(73)] ReadMemory at 0x2a67d06000 of 6024 bytes failed: Only part of a ReadProcessMemory or WriteProcessMemory request was completed. (0x12B)
[0924/121449.527:ERROR:process_memory_win.cc(73)] ReadMemory at 0x2a67d08000 of 6024 bytes failed: Only part of a ReadProcessMemory or WriteProcessMemory request was completed. (0x12B)
[0924/121449.528:ERROR:process_memory_win.cc(73)] ReadMemory at 0x2a67d0a000 of 6024 bytes failed: Only part of a ReadProcessMemory or WriteProcessMemory request was completed. (0x12B)
[0924/121449.529:ERROR:process_memory_win.cc(73)] ReadMemory at 0x2a67d0c000 of 6024 bytes failed: Only part of a ReadProcessMemory or WriteProcessMemory request was completed. (0x12B)
[0924/121449.531:ERROR:process_memory_win.cc(73)] ReadMemory at 0x2a67d0e000 of 6024 bytes failed: Only part of a ReadProcessMemory or WriteProcessMemory request was completed. (0x12B)
[0924/121449.531:ERROR:process_memory_win.cc(73)] ReadMemory at 0x2a67d10000 of 6024 bytes failed: Only part of a ReadProcessMemory or WriteProcessMemory request was completed. (0x12B)
[0924/121449.531:ERROR:process_memory_win.cc(73)] ReadMemory at 0x2a67d12000 of 6024 bytes failed: Only part of a ReadProcessMemory or WriteProcessMemory request was completed. (0x12B)
[0924/121449.531:ERROR:process_memory_win.cc(73)] ReadMemory at 0x2a67d14000 of 6024 bytes failed: Only part of a ReadProcessMemory or WriteProcessMemory request was completed. (0x12B)
[0924/121449.532:ERROR:process_memory_win.cc(73)] ReadMemory at 0x2a67d16000 of 6024 bytes failed: Only part of a ReadProcessMemory or WriteProcessMemory request was completed. (0x12B)
[0924/121449.532:ERROR:process_memory_win.cc(73)] ReadMemory at 0x2a67d18000 of 6024 bytes failed: Only part of a ReadProcessMemory or WriteProcessMemory request was completed. (0x12B)
[0924/121449.532:ERROR:process_memory_win.cc(73)] ReadMemory at 0x2a67d1a000 of 6024 bytes failed: Only part of a ReadProcessMemory or WriteProcessMemory request was completed. (0x12B)
[0924/121449.532:ERROR:process_memory_win.cc(73)] ReadMemory at 0x2a67d1c000 of 6024 bytes failed: Only part of a ReadProcessMemory or WriteProcessMemory request was completed. (0x12B)
[0924/121449.533:ERROR:process_memory_win.cc(73)] ReadMemory at 0x2a67d1e000 of 6024 bytes failed: Only part of a ReadProcessMemory or WriteProcessMemory request was completed. (0x12B)
[0924/121449.533:ERROR:process_memory_win.cc(73)] ReadMemory at 0x162df1c0fe0 of 5798 bytes failed: Only part of a ReadProcessMemory or WriteProcessMemory request was completed. (0x12B)
[0924/121449.534:ERROR:process_memory_win.cc(73)] ReadMemory at 0x162df1c2690 of 1012 bytes failed: Only part of a ReadProcessMemory or WriteProcessMemory request was completed. (0x12B)
[0924/121449.534:ERROR:process_memory_win.cc(73)] ReadMemory at 0x162df1c2cd8 of 118 bytes failed: Only part of a ReadProcessMemory or WriteProcessMemory request was completed. (0x12B)
[0924/121449.534:ERROR:process_memory_win.cc(73)] ReadMemory at 0x162df1c2d50 of 1320 bytes failed: Only part of a ReadProcessMemory or WriteProcessMemory request was completed. (0x12B)
[0924/121449.534:ERROR:process_memory_win.cc(73)] ReadMemory at 0x162df1c327a of 118 bytes failed: Only part of a ReadProcessMemory or WriteProcessMemory request was completed. (0x12B)
[0924/121449.536:ERROR:process_memory_win.cc(73)] ReadMemory at 0x162df1c32f2 of 96 bytes failed: Only part of a ReadProcessMemory or WriteProcessMemory request was completed. (0x12B)
[0924/121449.536:ERROR:process_memory_win.cc(73)] ReadMemory at 0x162df1c3360 of 58 bytes failed: Only part of a ReadProcessMemory or WriteProcessMemory request was completed. (0x12B)
[0924/121449.536:ERROR:process_memory_win.cc(73)] ReadMemory at 0x162df1c3460 of 132 bytes failed: Only part of a ReadProcessMemory or WriteProcessMemory request was completed. (0x12B)
[0924/121449.536:ERROR:process_memory_win.cc(73)] ReadMemory at 0x162df1c35f0 of 132 bytes failed: Only part of a ReadProcessMemory or WriteProcessMemory request was completed. (0x12B)
[0924/121449.536:ERROR:process_memory_win.cc(73)] ReadMemory at 0x162df1c37b0 of 126 bytes failed: Only part of a ReadProcessMemory or WriteProcessMemory request was completed. (0x12B)
[0924/121449.536:ERROR:process_memory_win.cc(73)] ReadMemory at 0x162df1c3aa0 of 132 bytes failed: Only part of a ReadProcessMemory or WriteProcessMemory request was completed. (0x12B)
[0924/121449.536:ERROR:process_memory_win.cc(73)] ReadMemory at 0x162df1c4020 of 132 bytes failed: Only part of a ReadProcessMemory or WriteProcessMemory request was completed. (0x12B)
[0924/121449.536:ERROR:process_memory_win.cc(73)] ReadMemory at 0x162df1c41b0 of 64 bytes failed: Only part of a ReadProcessMemory or WriteProcessMemory request was completed. (0x12B)
[0924/121449.536:ERROR:process_memory_win.cc(73)] ReadMemory at 0x162df1c4200 of 132 bytes failed: Only part of a ReadProcessMemory or WriteProcessMemory request was completed. (0x12B)
[0924/121449.536:ERROR:process_memory_win.cc(73)] ReadMemory at 0x162df1c4610 of 132 bytes failed: Only part of a ReadProcessMemory or WriteProcessMemory request was completed. (0x12B)
[0924/121449.536:ERROR:process_memory_win.cc(73)] ReadMemory at 0x162df1c47a0 of 68 bytes failed: Only part of a ReadProcessMemory or WriteProcessMemory request was completed. (0x12B)
[0924/121449.536:ERROR:process_memory_win.cc(73)] ReadMemory at 0x162df1c9660 of 132 bytes failed: Only part of a ReadProcessMemory or WriteProcessMemory request was completed. (0x12B)
[0924/121449.537:ERROR:process_memory_win.cc(73)] ReadMemory at 0x162df1c9790 of 154 bytes failed: Only part of a ReadProcessMemory or WriteProcessMemory request was completed. (0x12B)
[0924/121449.537:ERROR:process_memory_win.cc(73)] ReadMemory at 0x162df1ca100 of 132 bytes failed: Only part of a ReadProcessMemory or WriteProcessMemory request was completed. (0x12B)
[0924/121449.537:ERROR:process_memory_win.cc(73)] ReadMemory at 0x162df1ca330 of 62 bytes failed: Only part of a ReadProcessMemory or WriteProcessMemory request was completed. (0x12B)
[0924/121449.537:ERROR:process_memory_win.cc(73)] ReadMemory at 0x162df1ca380 of 60 bytes failed: Only part of a ReadProcessMemory or WriteProcessMemory request was completed. (0x12B)
[0924/121449.537:ERROR:process_memory_win.cc(73)] ReadMemory at 0x162df1cd230 of 132 bytes failed: Only part of a ReadProcessMemory or WriteProcessMemory request was completed. (0x12B)
[0924/121449.540:ERROR:process_memory_win.cc(73)] ReadMemory at 0x162df1cdd70 of 60 bytes failed: Only part of a ReadProcessMemory or WriteProcessMemory request was completed. (0x12B)
[0924/121449.544:ERROR:process_memory_win.cc(73)] ReadMemory at 0x162df1cdf50 of 64 bytes failed: Only part of a ReadProcessMemory or WriteProcessMemory request was completed. (0x12B)
[0924/121449.544:ERROR:process_memory_win.cc(73)] ReadMemory at 0x162df1cdfa0 of 66 bytes failed: Only part of a ReadProcessMemory or WriteProcessMemory request was completed. (0x12B)
[0924/121449.544:ERROR:process_memory_win.cc(73)] ReadMemory at 0x162df1cdff0 of 64 bytes failed: Only part of a ReadProcessMemory or WriteProcessMemory request was completed. (0x12B)
[0924/121449.544:ERROR:process_memory_win.cc(73)] ReadMemory at 0x162df1ce040 of 62 bytes failed: Only part of a ReadProcessMemory or WriteProcessMemory request was completed. (0x12B)
[0924/121449.545:ERROR:process_memory_win.cc(73)] ReadMemory at 0x162df1ce220 of 64 bytes failed: Only part of a ReadProcessMemory or WriteProcessMemory request was completed. (0x12B)
[0924/121449.545:ERROR:process_memory_win.cc(73)] ReadMemory at 0x162df1ce310 of 62 bytes failed: Only part of a ReadProcessMemory or WriteProcessMemory request was completed. (0x12B)
[0924/121449.545:ERROR:process_memory_win.cc(73)] ReadMemory at 0x162df1cf360 of 132 bytes failed: Only part of a ReadProcessMemory or WriteProcessMemory request was completed. (0x12B)
[0924/121449.545:ERROR:process_memory_win.cc(73)] ReadMemory at 0x162df1cf720 of 80 bytes failed: Only part of a ReadProcessMemory or WriteProcessMemory request was completed. (0x12B)
[0924/121449.546:ERROR:process_memory_win.cc(73)] ReadMemory at 0x162df1cfcf0 of 132 bytes failed: Only part of a ReadProcessMemory or WriteProcessMemory request was completed. (0x12B)
[0924/121449.546:ERROR:process_memory_win.cc(73)] ReadMemory at 0x162df1cfe20 of 132 bytes failed: Only part of a ReadProcessMemory or WriteProcessMemory request was completed. (0x12B)
[0924/121449.546:ERROR:process_memory_win.cc(73)] ReadMemory at 0x162df1cff50 of 132 bytes failed: Only part of a ReadProcessMemory or WriteProcessMemory request was completed. (0x12B)
[0924/121449.547:ERROR:process_memory_win.cc(73)] ReadMemory at 0x162df1d0080 of 132 bytes failed: Only part of a ReadProcessMemory or WriteProcessMemory request was completed. (0x12B)
[0924/121449.547:ERROR:process_memory_win.cc(73)] ReadMemory at 0x162df1d01b0 of 132 bytes failed: Only part of a ReadProcessMemory or WriteProcessMemory request was completed. (0x12B)
[0924/121449.547:ERROR:process_memory_win.cc(73)] ReadMemory at 0x162df1d02e0 of 132 bytes failed: Only part of a ReadProcessMemory or WriteProcessMemory request was completed. (0x12B)
[0924/121449.547:ERROR:process_memory_win.cc(73)] ReadMemory at 0x162df1d0410 of 132 bytes failed: Only part of a ReadProcessMemory or WriteProcessMemory request was completed. (0x12B)
[0924/121449.547:ERROR:process_memory_win.cc(73)] ReadMemory at 0x162df1d0540 of 132 bytes failed: Only part of a ReadProcessMemory or WriteProcessMemory request was completed. (0x12B)
[0924/121449.547:ERROR:process_memory_win.cc(73)] ReadMemory at 0x162df1d0670 of 132 bytes failed: Only part of a ReadProcessMemory or WriteProcessMemory request was completed. (0x12B)
[0924/121449.548:ERROR:process_memory_win.cc(73)] ReadMemory at 0x162df1d07a0 of 132 bytes failed: Only part of a ReadProcessMemory or WriteProcessMemory request was completed. (0x12B)
[0924/121449.548:ERROR:process_memory_win.cc(73)] ReadMemory at 0x162df1d0a00 of 132 bytes failed: Only part of a ReadProcessMemory or WriteProcessMemory request was completed. (0x12B)
[0924/121449.548:ERROR:process_memory_win.cc(73)] ReadMemory at 0x162df1d0b30 of 132 bytes failed: Only part of a ReadProcessMemory or WriteProcessMemory request was completed. (0x12B)
[0924/121449.548:ERROR:process_memory_win.cc(73)] ReadMemory at 0x162df1d2330 of 132 bytes failed: Only part of a ReadProcessMemory or WriteProcessMemory request was completed. (0x12B)
[0924/121449.548:ERROR:process_memory_win.cc(73)] ReadMemory at 0x162df1d38b0 of 158 bytes failed: Only part of a ReadProcessMemory or WriteProcessMemory request was completed. (0x12B)
[0924/121449.548:ERROR:process_memory_win.cc(73)] ReadMemory at 0x162df1d4bf0 of 54 bytes failed: Only part of a ReadProcessMemory or WriteProcessMemory request was completed. (0x12B)
[0924/121449.549:ERROR:process_memory_win.cc(73)] ReadMemory at 0x162df1d4c70 of 132 bytes failed: Only part of a ReadProcessMemory or WriteProcessMemory request was completed. (0x12B)
[0924/121449.549:ERROR:process_memory_win.cc(73)] ReadMemory at 0x162df1d4da0 of 132 bytes failed: Only part of a ReadProcessMemory or WriteProcessMemory request was completed. (0x12B)
[0924/121449.549:ERROR:process_memory_win.cc(73)] ReadMemory at 0x162df1d5e40 of 132 bytes failed: Only part of a ReadProcessMemory or WriteProcessMemory request was completed. (0x12B)
[0924/121449.550:ERROR:process_memory_win.cc(73)] ReadMemory at 0x162df1d6050 of 132 bytes failed: Only part of a ReadProcessMemory or WriteProcessMemory request was completed. (0x12B)
[0924/121449.550:ERROR:process_memory_win.cc(73)] ReadMemory at 0x162df1d6260 of 132 bytes failed: Only part of a ReadProcessMemory or WriteProcessMemory request was completed. (0x12B)
[0924/121449.551:ERROR:process_memory_win.cc(73)] ReadMemory at 0x162df1d9e10 of 60 bytes failed: Only part of a ReadProcessMemory or WriteProcessMemory request was completed. (0x12B)
[0924/121449.551:ERROR:process_memory_win.cc(73)] ReadMemory at 0x162df1d9e60 of 60 bytes failed: Only part of a ReadProcessMemory or WriteProcessMemory request was completed. (0x12B)
[0924/121449.551:ERROR:process_memory_win.cc(73)] ReadMemory at 0x162df1d9eb0 of 60 bytes failed: Only part of a ReadProcessMemory or WriteProcessMemory request was completed. (0x12B)
[0924/121449.552:ERROR:process_memory_win.cc(73)] ReadMemory at 0x162df1d9f00 of 64 bytes failed: Only part of a ReadProcessMemory or WriteProcessMemory request was completed. (0x12B)
[0924/121449.552:ERROR:process_memory_win.cc(73)] ReadMemory at 0x162df1d9f50 of 62 bytes failed: Only part of a ReadProcessMemory or WriteProcessMemory request was completed. (0x12B)
[0924/121449.552:ERROR:process_memory_win.cc(73)] ReadMemory at 0x162df1da090 of 64 bytes failed: Only part of a ReadProcessMemory or WriteProcessMemory request was completed. (0x12B)
[0924/121449.552:ERROR:process_memory_win.cc(73)] ReadMemory at 0x162df1da130 of 60 bytes failed: Only part of a ReadProcessMemory or WriteProcessMemory request was completed. (0x12B)
[0924/121449.552:ERROR:process_memory_win.cc(73)] ReadMemory at 0x162df1da220 of 64 bytes failed: Only part of a ReadProcessMemory or WriteProcessMemory request was completed. (0x12B)
[0924/121449.552:ERROR:process_memory_win.cc(73)] ReadMemory at 0x162df1da270 of 60 bytes failed: Only part of a ReadProcessMemory or WriteProcessMemory request was completed. (0x12B)
[0924/121449.553:ERROR:process_memory_win.cc(73)] ReadMemory at 0x162df1da2c0 of 60 bytes failed: Only part of a ReadProcessMemory or WriteProcessMemory request was completed. (0x12B)
[0924/121449.553:ERROR:process_memory_win.cc(73)] ReadMemory at 0x162df1da310 of 62 bytes failed: Only part of a ReadProcessMemory or WriteProcessMemory request was completed. (0x12B)
[0924/121449.553:ERROR:process_memory_win.cc(73)] ReadMemory at 0x162df1da360 of 62 bytes failed: Only part of a ReadProcessMemory or WriteProcessMemory request was completed. (0x12B)
[0924/121449.553:ERROR:process_memory_win.cc(73)] ReadMemory at 0x162df1da400 of 58 bytes failed: Only part of a ReadProcessMemory or WriteProcessMemory request was completed. (0x12B)
[0924/121449.554:ERROR:process_memory_win.cc(73)] ReadMemory at 0x162df1da4f0 of 62 bytes failed: Only part of a ReadProcessMemory or WriteProcessMemory request was completed. (0x12B)
[0924/121449.554:ERROR:process_memory_win.cc(73)] ReadMemory at 0x162df1da680 of 62 bytes failed: Only part of a ReadProcessMemory or WriteProcessMemory request was completed. (0x12B)
[0924/121449.554:ERROR:process_memory_win.cc(73)] ReadMemory at 0x162df1da770 of 62 bytes failed: Only part of a ReadProcessMemory or WriteProcessMemory request was completed. (0x12B)
[0924/121449.554:ERROR:process_memory_win.cc(73)] ReadMemory at 0x162df1da810 of 58 bytes failed: Only part of a ReadProcessMemory or WriteProcessMemory request was completed. (0x12B)
[0924/121449.554:ERROR:process_memory_win.cc(73)] ReadMemory at 0x162df1da900 of 62 bytes failed: Only part of a ReadProcessMemory or WriteProcessMemory request was completed. (0x12B)
[0924/121449.554:ERROR:process_memory_win.cc(73)] ReadMemory at 0x162df1daa40 of 62 bytes failed: Only part of a ReadProcessMemory or WriteProcessMemory request was completed. (0x12B)
[0924/121449.555:ERROR:process_memory_win.cc(73)] ReadMemory at 0x162df1daae0 of 64 bytes failed: Only part of a ReadProcessMemory or WriteProcessMemory request was completed. (0x12B)
[0924/121449.555:ERROR:process_memory_win.cc(73)] ReadMemory at 0x162df1dab30 of 66 bytes failed: Only part of a ReadProcessMemory or WriteProcessMemory request was completed. (0x12B)
[0924/121449.555:ERROR:process_memory_win.cc(73)] ReadMemory at 0x162df1dac20 of 66 bytes failed: Only part of a ReadProcessMemory or WriteProcessMemory request was completed. (0x12B)
[0924/121449.556:ERROR:process_memory_win.cc(73)] ReadMemory at 0x162df1dac70 of 64 bytes failed: Only part of a ReadProcessMemory or WriteProcessMemory request was completed. (0x12B)
[0924/121449.556:ERROR:process_memory_win.cc(73)] ReadMemory at 0x162df1dacc0 of 58 bytes failed: Only part of a ReadProcessMemory or WriteProcessMemory request was completed. (0x12B)
[0924/121449.556:ERROR:process_memory_win.cc(73)] ReadMemory at 0x162df1dad60 of 60 bytes failed: Only part of a ReadProcessMemory or WriteProcessMemory request was completed. (0x12B)
[0924/121449.556:ERROR:process_memory_win.cc(73)] ReadMemory at 0x162df1db540 of 78 bytes failed: Only part of a ReadProcessMemory or WriteProcessMemory request was completed. (0x12B)
[0924/121449.556:ERROR:process_memory_win.cc(73)] ReadMemory at 0x162df1db960 of 76 bytes failed: Only part of a ReadProcessMemory or WriteProcessMemory request was completed. (0x12B)
[0924/121449.557:ERROR:process_memory_win.cc(73)] ReadMemory at 0x162df1dbf80 of 132 bytes failed: Only part of a ReadProcessMemory or WriteProcessMemory request was completed. (0x12B)
[0924/121449.557:ERROR:process_memory_win.cc(73)] ReadMemory at 0x162df1dc0b0 of 132 bytes failed: Only part of a ReadProcessMemory or WriteProcessMemory request was completed. (0x12B)
[0924/121449.557:ERROR:process_memory_win.cc(73)] ReadMemory at 0x162df1dc1e0 of 132 bytes failed: Only part of a ReadProcessMemory or WriteProcessMemory request was completed. (0x12B)
[0924/121449.557:ERROR:process_memory_win.cc(73)] ReadMemory at 0x162df1dc310 of 132 bytes failed: Only part of a ReadProcessMemory or WriteProcessMemory request was completed. (0x12B)
[0924/121449.557:ERROR:process_memory_win.cc(73)] ReadMemory at 0x162df1dc440 of 132 bytes failed: Only part of a ReadProcessMemory or WriteProcessMemory request was completed. (0x12B)
[0924/121449.558:ERROR:process_memory_win.cc(73)] ReadMemory at 0x162df1dc570 of 132 bytes failed: Only part of a ReadProcessMemory or WriteProcessMemory request was completed. (0x12B)
[0924/121449.558:ERROR:process_memory_win.cc(73)] ReadMemory at 0x162df1dc6a0 of 132 bytes failed: Only part of a ReadProcessMemory or WriteProcessMemory request was completed. (0x12B)
[0924/121449.558:ERROR:process_memory_win.cc(73)] ReadMemory at 0x162df1dc7d0 of 132 bytes failed: Only part of a ReadProcessMemory or WriteProcessMemory request was completed. (0x12B)
[0924/121449.558:ERROR:process_memory_win.cc(73)] ReadMemory at 0x162df1dca30 of 132 bytes failed: Only part of a ReadProcessMemory or WriteProcessMemory request was completed. (0x12B)
[0924/121449.558:ERROR:process_memory_win.cc(73)] ReadMemory at 0x162df1dcb60 of 132 bytes failed: Only part of a ReadProcessMemory or WriteProcessMemory request was completed. (0x12B)
[0924/121449.558:ERROR:process_memory_win.cc(73)] ReadMemory at 0x162df1dcc90 of 132 bytes failed: Only part of a ReadProcessMemory or WriteProcessMemory request was completed. (0x12B)
[0924/121449.559:ERROR:process_memory_win.cc(73)] ReadMemory at 0x162df1dcdc0 of 132 bytes failed: Only part of a ReadProcessMemory or WriteProcessMemory request was completed. (0x12B)
[0924/121449.559:ERROR:process_memory_win.cc(73)] ReadMemory at 0x162df1dcef0 of 132 bytes failed: Only part of a ReadProcessMemory or WriteProcessMemory request was completed. (0x12B)
[0924/121449.559:ERROR:process_memory_win.cc(73)] ReadMemory at 0x162df1dd020 of 132 bytes failed: Only part of a ReadProcessMemory or WriteProcessMemory request was completed. (0x12B)
[0924/121449.559:ERROR:process_memory_win.cc(73)] ReadMemory at 0x162df1dd280 of 132 bytes failed: Only part of a ReadProcessMemory or WriteProcessMemory request was completed. (0x12B)
[0924/121449.559:ERROR:process_memory_win.cc(73)] ReadMemory at 0x162df1dd3b0 of 132 bytes failed: Only part of a ReadProcessMemory or WriteProcessMemory request was completed. (0x12B)
[0924/121449.559:ERROR:process_memory_win.cc(73)] ReadMemory at 0x162df1dd4e0 of 132 bytes failed: Only part of a ReadProcessMemory or WriteProcessMemory request was completed. (0x12B)
[0924/121449.560:ERROR:process_memory_win.cc(73)] ReadMemory at 0x162df1dd740 of 132 bytes failed: Only part of a ReadProcessMemory or WriteProcessMemory request was completed. (0x12B)
[0924/121449.560:ERROR:process_memory_win.cc(73)] ReadMemory at 0x162df1dd870 of 132 bytes failed: Only part of a ReadProcessMemory or WriteProcessMemory request was completed. (0x12B)
[0924/121449.560:ERROR:process_memory_win.cc(73)] ReadMemory at 0x162df1dd9a0 of 132 bytes failed: Only part of a ReadProcessMemory or WriteProcessMemory request was completed. (0x12B)
[0924/121449.560:ERROR:process_memory_win.cc(73)] ReadMemory at 0x162df1ddc00 of 132 bytes failed: Only part of a ReadProcessMemory or WriteProcessMemory request was completed. (0x12B)
[0924/121449.560:ERROR:process_memory_win.cc(73)] ReadMemory at 0x162df1ddd30 of 132 bytes failed: Only part of a ReadProcessMemory or WriteProcessMemory request was completed. (0x12B)
[0924/121449.560:ERROR:process_memory_win.cc(73)] ReadMemory at 0x162df1e6ee0 of 62 bytes failed: Only part of a ReadProcessMemory or WriteProcessMemory request was completed. (0x12B)
[0924/121449.561:ERROR:process_memory_win.cc(73)] ReadMemory at 0x162df1e7340 of 64 bytes failed: Only part of a ReadProcessMemory or WriteProcessMemory request was completed. (0x12B)
[0924/121449.561:ERROR:process_memory_win.cc(73)] ReadMemory at 0x162df1e77f0 of 58 bytes failed: Only part of a ReadProcessMemory or WriteProcessMemory request was completed. (0x12B)
[0924/121449.561:ERROR:process_memory_win.cc(73)] ReadMemory at 0x162df1e7a20 of 62 bytes failed: Only part of a ReadProcessMemory or WriteProcessMemory request was completed. (0x12B)
[0924/121449.561:ERROR:process_memory_win.cc(73)] ReadMemory at 0x162df1e7ca0 of 58 bytes failed: Only part of a ReadProcessMemory or WriteProcessMemory request was completed. (0x12B)
[0924/121449.561:ERROR:process_memory_win.cc(73)] ReadMemory at 0x162df1e7de0 of 62 bytes failed: Only part of a ReadProcessMemory or WriteProcessMemory request was completed. (0x12B)
[0924/121449.561:ERROR:process_memory_win.cc(73)] ReadMemory at 0x162df1f5af0 of 512 bytes failed: Only part of a ReadProcessMemory or WriteProcessMemory request was completed. (0x12B)
[0924/121449.562:ERROR:process_memory_win.cc(73)] ReadMemory at 0x162df1fc680 of 512 bytes failed: Only part of a ReadProcessMemory or WriteProcessMemory request was completed. (0x12B)
[0924/121449.563:ERROR:process_memory_win.cc(73)] ReadMemory at 0x162df528450 of 512 bytes failed: Only part of a ReadProcessMemory or WriteProcessMemory request was completed. (0x12B)
[0924/121449.564:ERROR:process_memory_win.cc(73)] ReadMemory at 0x162df528ab0 of 512 bytes failed: Only part of a ReadProcessMemory or WriteProcessMemory request was completed. (0x12B)
[0924/121449.564:ERROR:process_memory_win.cc(73)] ReadMemory at 0x162df532490 of 512 bytes failed: Only part of a ReadProcessMemory or WriteProcessMemory request was completed. (0x12B)
[0924/121449.564:ERROR:process_memory_win.cc(73)] ReadMemory at 0x162df5370a0 of 512 bytes failed: Only part of a ReadProcessMemory or WriteProcessMemory request was completed. (0x12B)
[0924/121449.564:ERROR:process_memory_win.cc(73)] ReadMemory at 0x162df5544d0 of 712 bytes failed: Only part of a ReadProcessMemory or WriteProcessMemory request was completed. (0x12B)
[0924/121449.564:ERROR:process_memory_win.cc(73)] ReadMemory at 0x162df555268 of 944 bytes failed: Only part of a ReadProcessMemory or WriteProcessMemory request was completed. (0x12B)
[0924/121449.565:ERROR:process_memory_win.cc(73)] ReadMemory at 0x162df556a00 of 512 bytes failed: Only part of a ReadProcessMemory or WriteProcessMemory request was completed. (0x12B)
[0924/121449.565:ERROR:process_memory_win.cc(73)] ReadMemory at 0x162e1839678 of 512 bytes failed: Only part of a ReadProcessMemory or WriteProcessMemory request was completed. (0x12B)
[0924/121449.565:ERROR:process_memory_win.cc(73)] ReadMemory at 0x162e18c9f80 of 512 bytes failed: Only part of a ReadProcessMemory or WriteProcessMemory request was completed. (0x12B)
[0924/121449.565:ERROR:process_memory_win.cc(73)] ReadMemory at 0x162e1924910 of 512 bytes failed: Only part of a ReadProcessMemory or WriteProcessMemory request was completed. (0x12B)
[0924/121449.566:ERROR:process_memory_win.cc(73)] ReadMemory at 0x162e19625f8 of 512 bytes failed: Only part of a ReadProcessMemory or WriteProcessMemory request was completed. (0x12B)
[0924/121449.566:ERROR:process_memory_win.cc(73)] ReadMemory at 0x162e196f9e0 of 512 bytes failed: Only part of a ReadProcessMemory or WriteProcessMemory request was completed. (0x12B)
[0924/121449.566:ERROR:process_memory_win.cc(73)] ReadMemory at 0x162e1a00000 of 384 bytes failed: Only part of a ReadProcessMemory or WriteProcessMemory request was completed. (0x12B)
[0924/121449.566:ERROR:process_memory_win.cc(73)] ReadMemory at 0x2274dc72c8e0 of 512 bytes failed: Only part of a ReadProcessMemory or WriteProcessMemory request was completed. (0x12B)
[0924/121449.567:ERROR:process_memory_win.cc(73)] ReadMemory at 0x7ffc8f704a1c of 512 bytes failed: Only part of a ReadProcessMemory or WriteProcessMemory request was completed. (0x12B)
[0924/121449.567:ERROR:process_memory_win.cc(73)] ReadMemory at 0x7ffc90518d5a of 512 bytes failed: Only part of a ReadProcessMemory or WriteProcessMemory request was completed. (0x12B)
[0924/121449.567:ERROR:process_memory_win.cc(73)] ReadMemory at 0x7ffced51b6d0 of 512 bytes failed: Only part of a ReadProcessMemory or WriteProcessMemory request was completed. (0x12B)
[0924/121449.567:ERROR:process_memory_win.cc(73)] ReadMemory at 0x7ffcee071f80 of 512 bytes failed: Only part of a ReadProcessMemory or WriteProcessMemory request was completed. (0x12B)
[0924/121449.567:ERROR:process_memory_win.cc(73)] ReadMemory at 0x7ffcef59c0d4 of 672 bytes failed: Only part of a ReadProcessMemory or WriteProcessMemory request was completed. (0x12B)
[0924/121449.568:ERROR:process_memory_win.cc(73)] ReadMemory at 0x7ffcef59c6d4 of 512 bytes failed: Only part of a ReadProcessMemory or WriteProcessMemory request was completed. (0x12B)
[0924/121449.568:ERROR:process_memory_win.cc(73)] ReadMemory at 0x7ffcef59f984 of 608 bytes failed: Only part of a ReadProcessMemory or WriteProcessMemory request was completed. (0x12B)
[0924/121449.568:ERROR:process_memory_win.cc(73)] ReadMemory at 0x7ffcef62c428 of 18 bytes failed: Only part of a ReadProcessMemory or WriteProcessMemory request was completed. (0x12B)
[0924/121449.568:ERROR:process_memory_win.cc(73)] ReadMemory at 0x7ffcef65f4f8 of 40 bytes failed: Only part of a ReadProcessMemory or WriteProcessMemory request was completed. (0x12B)
[0924/121449.568:ERROR:process_memory_win.cc(73)] ReadMemory at 0x7ffcef65f978 of 48 bytes failed: Only part of a ReadProcessMemory or WriteProcessMemory request was completed. (0x12B)
[0924/121449.568:ERROR:process_memory_win.cc(73)] ReadMemory at 0x7ffcef6653c0 of 64 bytes failed: Only part of a ReadProcessMemory or WriteProcessMemory request was completed. (0x12B)
[0924/121449.586:ERROR:scoped_process_suspend.cc(40)] NtResumeProcess: An attempt was made to access an exiting process. (0xc000010a)
